Determining if the pthread_create exist failed with the following output:
Change Dir: /home/zk8888/test/MBS/cmake-build-debug/CMakeFiles/CMakeTmp

Run Build Command:"/usr/bin/make" "cmTC_c0dee/fast"
/usr/bin/make -f CMakeFiles/cmTC_c0dee.dir/build.make CMakeFiles/cmTC_c0dee.dir/build
make[1]: 正在进入目录 `/home/zk8888/test/MBS/cmake-build-debug/CMakeFiles/CMakeTmp'
Building C object CMakeFiles/cmTC_c0dee.dir/CheckSymbolExists.c.o
/usr/bin/cc    -o CMakeFiles/cmTC_c0dee.dir/CheckSymbolExists.c.o   -c /home/zk8888/test/MBS/cmake-build-debug/CMakeFiles/CMakeTmp/CheckSymbolExists.c
Linking C executable cmTC_c0dee
/home/zk8888/clion-2017.2/bin/cmake/bin/cmake -E cmake_link_script CMakeFiles/cmTC_c0dee.dir/link.txt --verbose=1
/usr/bin/cc      -rdynamic CMakeFiles/cmTC_c0dee.dir/CheckSymbolExists.c.o  -o cmTC_c0dee 
CMakeFiles/cmTC_c0dee.dir/CheckSymbolExists.c.o：在函数‘main’中：
CheckSymbolExists.c:(.text+0x16)：对‘pthread_create’未定义的引用
collect2: error: ld returned 1 exit status
make[1]: *** [cmTC_c0dee] 错误 1
make[1]:正在离开目录 `/home/zk8888/test/MBS/cmake-build-debug/CMakeFiles/CMakeTmp'
make: *** [cmTC_c0dee/fast] 错误 2

File /home/zk8888/test/MBS/cmake-build-debug/CMakeFiles/CMakeTmp/CheckSymbolExists.c:
/* */
#include <pthread.h>

int main(int argc, char** argv)
{
  (void)argv;
#ifndef pthread_create
  return ((int*)(&pthread_create))[argc];
#else
  (void)argc;
  return 0;
#endif
}

Determining if the function pthread_create exists in the pthreads failed with the following output:
Change Dir: /home/zk8888/test/MBS/cmake-build-debug/CMakeFiles/CMakeTmp

Run Build Command:"/usr/bin/make" "cmTC_5a8a3/fast"
/usr/bin/make -f CMakeFiles/cmTC_5a8a3.dir/build.make CMakeFiles/cmTC_5a8a3.dir/build
make[1]: 正在进入目录 `/home/zk8888/test/MBS/cmake-build-debug/CMakeFiles/CMakeTmp'
Building C object CMakeFiles/cmTC_5a8a3.dir/CheckFunctionExists.c.o
/usr/bin/cc   -DCHECK_FUNCTION_EXISTS=pthread_create   -o CMakeFiles/cmTC_5a8a3.dir/CheckFunctionExists.c.o   -c /home/zk8888/clion-2017.2/bin/cmake/share/cmake-3.8/Modules/CheckFunctionExists.c
Linking C executable cmTC_5a8a3
/home/zk8888/clion-2017.2/bin/cmake/bin/cmake -E cmake_link_script CMakeFiles/cmTC_5a8a3.dir/link.txt --verbose=1
/usr/bin/cc  -DCHECK_FUNCTION_EXISTS=pthread_create    -rdynamic CMakeFiles/cmTC_5a8a3.dir/CheckFunctionExists.c.o  -o cmTC_5a8a3 -lpthreads 
/usr/bin/ld: 找不到 -lpthreads
collect2: error: ld returned 1 exit status
make[1]: *** [cmTC_5a8a3] 错误 1
make[1]:正在离开目录 `/home/zk8888/test/MBS/cmake-build-debug/CMakeFiles/CMakeTmp'
make: *** [cmTC_5a8a3/fast] 错误 2


